2025-01-10 09:48:06,285 - DEBUG - Created new connection using: 018f31236d6442cb95dc1851dbc037ee
2025-01-10 09:48:06,546 - INFO - PyTorch version 2.5.1+cu121 available.
2025-01-10 09:48:06,740 - INFO - Load pretrained SentenceTransformer: sentence-transformers/all-MiniLM-L6-v2
2025-01-10 09:48:09,408 - INFO - Using downloaded & verified file: /home/aicoe/.cache/doctr/models/fast_base-688a8b34.pt
2025-01-10 09:48:10,958 - INFO - Using downloaded & verified file: /home/aicoe/.cache/doctr/models/crnn_vgg16_bn-9762b0b0.pt
2025-01-10 09:49:00,270 - WARNING - Not Found: /api/documents_by_ps_number/test/
2025-01-10 09:49:00,306 - WARNING - failed to get mvccTs from milvus server, use client-side ts instead
2025-01-10 09:49:05,440 - WARNING - Not Found: /api/documents_by_ps_number/test/
2025-01-10 09:49:05,470 - WARNING - failed to get mvccTs from milvus server, use client-side ts instead
2025-01-10 09:54:39,935 - DEBUG - Created new connection using: 835a9f27a121467a9f348477d7cf566f
2025-01-10 09:54:40,580 - DEBUG - Created new connection using: ae538f09bdd746cda4935e82e99d2783
2025-01-10 09:54:41,166 - DEBUG - Created new connection using: 4b91754c3c5f40f997171cefe9255b44
2025-01-10 09:54:41,724 - DEBUG - Created new connection using: 2978b398ea744eda9fe9dec774c78967
2025-01-10 09:56:55,662 - WARNING - Not Found: /api/documents_by_ps_number/test/
2025-01-10 09:56:55,687 - WARNING - failed to get mvccTs from milvus server, use client-side ts instead
2025-01-10 09:56:55,952 - WARNING - Not Found: /api/documents_by_ps_number/test/
2025-01-10 09:56:57,110 - WARNING - failed to get mvccTs from milvus server, use client-side ts instead
2025-01-10 09:57:24,471 - WARNING - Not Found: /api/documents_by_ps_number/test/
2025-01-10 09:57:24,478 - WARNING - failed to get mvccTs from milvus server, use client-side ts instead
2025-01-10 09:57:24,964 - WARNING - Not Found: /api/documents_by_ps_number/test/
2025-01-10 09:57:26,067 - WARNING - failed to get mvccTs from milvus server, use client-side ts instead
2025-01-10 10:01:26,970 - WARNING - Not Found: /api/documents_by_ps_number/test/
2025-01-10 10:01:27,406 - WARNING - failed to get mvccTs from milvus server, use client-side ts instead
2025-01-10 10:01:27,824 - WARNING - Not Found: /api/documents_by_ps_number/test/
2025-01-10 10:01:28,932 - WARNING - failed to get mvccTs from milvus server, use client-side ts instead
2025-01-10 10:02:04,048 - WARNING - Not Found: /api/documents_by_ps_number/test/
2025-01-10 10:02:04,068 - WARNING - failed to get mvccTs from milvus server, use client-side ts instead
2025-01-10 10:02:05,116 - WARNING - Not Found: /api/documents_by_ps_number/test/
2025-01-10 10:02:05,652 - WARNING - failed to get mvccTs from milvus server, use client-side ts instead
2025-01-10 10:04:31,071 - WARNING - failed to get mvccTs from milvus server, use client-side ts instead
2025-01-10 10:04:31,156 - WARNING - Not Found: /api/documents_by_ps_number/test/
2025-01-10 10:04:31,363 - WARNING - Not Found: /api/documents_by_ps_number/test/
2025-01-10 10:04:32,708 - WARNING - failed to get mvccTs from milvus server, use client-side ts instead
2025-01-10 10:04:52,843 - WARNING - Not Found: /api/documents_by_ps_number/test/
2025-01-10 10:04:52,861 - WARNING - failed to get mvccTs from milvus server, use client-side ts instead
2025-01-10 10:04:53,004 - WARNING - Not Found: /api/documents_by_ps_number/test/
2025-01-10 10:04:54,296 - WARNING - failed to get mvccTs from milvus server, use client-side ts instead
2025-01-10 10:05:17,755 - WARNING - Not Found: /api/documents_by_ps_number/test/
2025-01-10 10:05:17,793 - WARNING - failed to get mvccTs from milvus server, use client-side ts instead
2025-01-10 10:05:17,915 - WARNING - Not Found: /api/documents_by_ps_number/test/
2025-01-10 10:05:19,286 - WARNING - failed to get mvccTs from milvus server, use client-side ts instead
2025-01-10 10:12:02,493 - WARNING - Not Found: /api/documents_by_ps_number/test/
2025-01-10 10:12:03,178 - WARNING - failed to get mvccTs from milvus server, use client-side ts instead
2025-01-10 10:12:03,356 - WARNING - Not Found: /api/documents_by_ps_number/test/
2025-01-10 10:12:04,883 - WARNING - failed to get mvccTs from milvus server, use client-side ts instead
2025-01-10 10:12:11,562 - WARNING - Not Found: /api/serve-pdf/test-14332 copy.pdf/0/
