2025-01-10 11:30:39,202 - DEBUG - Created new connection using: 120e8ad23b5240b9a476f5dd6a2d1131
2025-01-10 11:30:39,504 - INFO - PyTorch version 2.5.1+cu121 available.
2025-01-10 11:30:39,740 - INFO - Load pretrained SentenceTransformer: sentence-transformers/all-MiniLM-L6-v2
2025-01-10 11:30:42,391 - INFO - Using downloaded & verified file: /home/aicoe/.cache/doctr/models/fast_base-688a8b34.pt
2025-01-10 11:30:43,984 - INFO - Using downloaded & verified file: /home/aicoe/.cache/doctr/models/crnn_vgg16_bn-9762b0b0.pt
2025-01-10 11:31:02,889 - WARNING - Method Not Allowed: /api/mark_satisfied/207/
2025-01-10 11:40:20,834 - WARNING - Not Found: /api/documents_by_ps_number/test/
2025-01-10 11:40:21,124 - WARNING - failed to get mvccTs from milvus server, use client-side ts instead
2025-01-10 11:40:21,653 - WARNING - Not Found: /api/documents_by_ps_number/test/
2025-01-10 11:40:22,883 - WARNING - failed to get mvccTs from milvus server, use client-side ts instead
2025-01-10 11:41:05,650 - WARNING - Not Found: /api/documents_by_ps_number/test/
2025-01-10 11:41:05,672 - WARNING - failed to get mvccTs from milvus server, use client-side ts instead
2025-01-10 11:41:05,800 - WARNING - Not Found: /api/documents_by_ps_number/test/
2025-01-10 11:41:07,056 - WARNING - failed to get mvccTs from milvus server, use client-side ts instead
2025-01-10 11:41:39,069 - WARNING - Not Found: /api/documents_by_ps_number/test/
2025-01-10 11:41:39,103 - WARNING - failed to get mvccTs from milvus server, use client-side ts instead
2025-01-10 11:41:39,211 - WARNING - Not Found: /api/documents_by_ps_number/test/
2025-01-10 11:41:40,449 - WARNING - failed to get mvccTs from milvus server, use client-side ts instead
2025-01-10 11:42:11,042 - WARNING - Not Found: /api/documents_by_ps_number/test/
2025-01-10 11:42:11,052 - WARNING - failed to get mvccTs from milvus server, use client-side ts instead
2025-01-10 11:42:11,212 - WARNING - Not Found: /api/documents_by_ps_number/test/
2025-01-10 11:42:12,450 - WARNING - failed to get mvccTs from milvus server, use client-side ts instead
2025-01-10 11:44:29,693 - WARNING - Not Found: /api/documents_by_ps_number/test/
2025-01-10 11:44:30,360 - WARNING - failed to get mvccTs from milvus server, use client-side ts instead
2025-01-10 11:44:30,450 - WARNING - Not Found: /api/documents_by_ps_number/test/
2025-01-10 11:44:32,404 - WARNING - failed to get mvccTs from milvus server, use client-side ts instead
2025-01-10 11:47:45,327 - WARNING - Not Found: /api/documents_by_ps_number/test/
2025-01-10 11:47:45,714 - WARNING - failed to get mvccTs from milvus server, use client-side ts instead
2025-01-10 11:47:46,101 - WARNING - Not Found: /api/documents_by_ps_number/test/
2025-01-10 11:47:47,415 - WARNING - failed to get mvccTs from milvus server, use client-side ts instead
2025-01-10 11:47:50,984 - WARNING - Not Found: /api/mark-satisfied/207/
2025-01-10 11:50:02,341 - WARNING - Not Found: /api/mark-satisfied/207/
2025-01-10 11:52:12,998 - WARNING - Not Found: /api/documents_by_ps_number/test/
2025-01-10 11:52:13,707 - WARNING - failed to get mvccTs from milvus server, use client-side ts instead
2025-01-10 11:52:13,785 - WARNING - Not Found: /api/documents_by_ps_number/test/
2025-01-10 11:52:15,398 - WARNING - failed to get mvccTs from milvus server, use client-side ts instead
2025-01-10 11:52:21,482 - WARNING - Not Found: /api/mark-satisfied/207/
2025-01-10 11:52:59,790 - WARNING - Not Found: /api/mark-satisfied/207/
2025-01-10 11:53:43,318 - WARNING - Not Found: /api/documents_by_ps_number/test/
2025-01-10 11:53:43,866 - WARNING - failed to get mvccTs from milvus server, use client-side ts instead
2025-01-10 11:53:44,077 - WARNING - Not Found: /api/documents_by_ps_number/test/
2025-01-10 11:53:45,683 - WARNING - failed to get mvccTs from milvus server, use client-side ts instead
2025-01-10 11:57:42,336 - WARNING - Not Found: /api/documents_by_ps_number/test/
2025-01-10 11:57:42,588 - WARNING - failed to get mvccTs from milvus server, use client-side ts instead
2025-01-10 11:57:43,105 - WARNING - Not Found: /api/documents_by_ps_number/test/
2025-01-10 11:57:44,320 - WARNING - failed to get mvccTs from milvus server, use client-side ts instead
2025-01-10 12:00:25,880 - WARNING - failed to get mvccTs from milvus server, use client-side ts instead
2025-01-10 12:00:26,013 - WARNING - Not Found: /api/documents_by_ps_number/test/
2025-01-10 12:00:26,305 - WARNING - Not Found: /api/documents_by_ps_number/test/
2025-01-10 12:00:27,454 - WARNING - failed to get mvccTs from milvus server, use client-side ts instead
2025-01-10 12:02:03,830 - WARNING - Not Found: /api/documents_by_ps_number/test/
2025-01-10 12:02:03,840 - WARNING - failed to get mvccTs from milvus server, use client-side ts instead
2025-01-10 12:02:04,111 - WARNING - Not Found: /api/documents_by_ps_number/test/
2025-01-10 12:02:05,298 - WARNING - failed to get mvccTs from milvus server, use client-side ts instead
2025-01-10 12:25:47,651 - DEBUG - Created new connection using: 1a144a1c36d64b69adec86be9634e6c0
2025-01-10 12:25:48,383 - DEBUG - Created new connection using: 98daba7ca1f74df083f7d88bb45f0734
2025-01-10 12:25:48,859 - DEBUG - Created new connection using: ef95d9fee59b47e1862b60e88f1ea2ff
2025-01-10 12:25:49,182 - DEBUG - Created new connection using: 0f1c983077734693a304ec0f03f6b570
2025-01-10 12:27:30,584 - WARNING - failed to get mvccTs from milvus server, use client-side ts instead
2025-01-10 12:27:32,271 - WARNING - failed to get mvccTs from milvus server, use client-side ts instead
